{"level":"info","message":"[deliveryValidator][validateSendEmail] Validating Request {}","timestamp":"2016-07-24T09:02:34.971Z"}
{"level":"error","message":"Validation failed : undefined","timestamp":"2016-07-24T09:02:35.002Z"}
{"level":"info","message":" Validating Request {\"name\":\"Yuvraj Jaiswal\",\"messsage\":\"This is a test email\",\"email\":\"kumaryuvraj118@gmail.com\"}","timestamp":"2016-07-24T09:11:41.725Z"}
{"level":"error","message":"Validation failed : undefined","timestamp":"2016-07-24T09:11:41.740Z"}
{"level":"info","message":" Validating Request {\"name\":\"Yuvraj Jaiswal\",\"messsage\":\"This is a test email\",\"email\":\"kumaryuvraj118@gmail.com\"}","timestamp":"2016-07-24T09:14:03.159Z"}
{"level":"error","message":"Validation failed : undefined","timestamp":"2016-07-24T09:14:03.169Z"}
{"level":"info","message":" Validating Request {\"name\":\"Yuvraj Jaiswal\",\"message\":\"This is a test email\",\"email\":\"kumaryuvraj118@gmail.com\"}","timestamp":"2016-07-24T09:14:27.771Z"}
{"level":"info","message":" Validation successful {\"name\":\"Yuvraj Jaiswal\",\"message\":\"This is a test email\",\"email\":\"kumaryuvraj118@gmail.com\"}","timestamp":"2016-07-24T09:14:27.775Z"}
{"level":"info","message":" Validating Request {\"name\":\"Yuvraj Jaiswal\",\"message\":\"This is a test email\",\"email\":\"kumaryuvraj118@gmail.com\"}","timestamp":"2016-07-24T09:15:06.633Z"}
{"level":"info","message":" Validation successful {\"name\":\"Yuvraj Jaiswal\",\"message\":\"This is a test email\",\"email\":\"kumaryuvraj118@gmail.com\"}","timestamp":"2016-07-24T09:15:06.641Z"}
{"level":"info","message":" Validating Request {\"name\":\"Yuvraj Jaiswal\",\"message\":\"This is a test email\",\"email\":\"kumaryuvraj118@gmail.com\"}","timestamp":"2016-07-24T09:59:13.027Z"}
{"level":"info","message":" Validation successful {\"name\":\"Yuvraj Jaiswal\",\"message\":\"This is a test email\",\"email\":\"kumaryuvraj118@gmail.com\"}","timestamp":"2016-07-24T09:59:13.050Z"}
{"level":"info","message":" Validating Request {\"name\":\"Yuvraj Jaiswal\",\"message\":\"This is a test email\",\"email\":\"kumaryuvraj118@gmail.com\"}","timestamp":"2016-07-25T20:56:38.593Z"}
{"level":"info","message":" Validation successful {\"name\":\"Yuvraj Jaiswal\",\"message\":\"This is a test email\",\"email\":\"kumaryuvraj118@gmail.com\"}","timestamp":"2016-07-25T20:56:38.639Z"}
{"level":"info","message":" Validating Request {\"name\":\"Yuvraj Jaiswal\",\"message\":\"This is a test email\",\"email\":\"vikaskpandey@gmail.com\"}","timestamp":"2016-07-25T20:56:58.174Z"}
{"level":"info","message":" Validation successful {\"name\":\"Yuvraj Jaiswal\",\"message\":\"This is a test email\",\"email\":\"vikaskpandey@gmail.com\"}","timestamp":"2016-07-25T20:56:58.175Z"}
{"level":"info","message":" Validating Request {\"name\":\"Yuvraj Jaiswal\",\"email\":\"kumaryuvraj118@gmail.com\"}","timestamp":"2016-08-02T22:25:46.375Z"}
{"level":"error","message":"Validation failed : undefined","timestamp":"2016-08-02T22:25:46.395Z"}
{"level":"info","message":" Validating Request {\"name\":\"Yuvraj Jaiswal\",\"email\":\"kumaryuvraj118@gmail.com\"}","timestamp":"2016-08-02T22:26:45.256Z"}
{"level":"error","message":"Validation failed : undefined","timestamp":"2016-08-02T22:26:45.257Z"}
{"level":"info","message":" Validating Request {\"name\":\"Yuvraj Jaiswal\",\"email\":\"kumaryuvraj118@gmail.com\",\"message\":\"TEST\"}","timestamp":"2016-08-02T22:26:59.162Z"}
{"level":"info","message":" Validation successful {\"name\":\"Yuvraj Jaiswal\",\"email\":\"kumaryuvraj118@gmail.com\",\"message\":\"TEST\"}","timestamp":"2016-08-02T22:26:59.165Z"}
{"level":"info","message":" Validating Request {\"name\":\"Yuvraj Jaiswal\",\"email\":\"kumaryuvraj118@gmail.com\",\"message\":\"TEST\"}","timestamp":"2016-08-02T22:29:30.943Z"}
{"level":"info","message":" Validation successful {\"name\":\"Yuvraj Jaiswal\",\"email\":\"kumaryuvraj118@gmail.com\",\"message\":\"TEST\"}","timestamp":"2016-08-02T22:29:30.956Z"}
{"level":"info","message":" Validating Request {\"name\":\"Yuvraj Jaiswal\",\"email\":\"kumaryuvraj118@gmail.com\",\"message\":\"TEST\"}","timestamp":"2016-08-02T22:32:38.245Z"}
{"level":"info","message":" Validation successful {\"name\":\"Yuvraj Jaiswal\",\"email\":\"kumaryuvraj118@gmail.com\",\"message\":\"TEST\"}","timestamp":"2016-08-02T22:32:38.257Z"}
{"level":"info","message":" Validating Request {\"name\":\"Yuvraj Jaiswal\",\"email\":\"kumaryuvraj118@gmail.com\",\"message\":\"TEST\"}","timestamp":"2016-08-02T22:37:30.071Z"}
{"level":"info","message":" Validation successful {\"name\":\"Yuvraj Jaiswal\",\"email\":\"kumaryuvraj118@gmail.com\",\"message\":\"TEST\"}","timestamp":"2016-08-02T22:37:30.072Z"}
{"level":"info","message":" Validating Request {\"name\":\"Yuvraj Jaiswal\",\"email\":\"kumaryuvraj118@gmail.com\",\"message\":\"TEST@\"}","timestamp":"2016-08-02T22:42:05.693Z"}
{"level":"info","message":" Validation successful {\"name\":\"Yuvraj Jaiswal\",\"email\":\"kumaryuvraj118@gmail.com\",\"message\":\"TEST@\"}","timestamp":"2016-08-02T22:42:05.708Z"}
{"level":"info","message":" Validating Request {\"name\":\"Yuvraj Jaiswal\",\"email\":\"kumaryuvraj118@gmail.com\",\"message\":\"TES%\"}","timestamp":"2016-08-02T22:42:53.561Z"}
{"level":"info","message":" Validation successful {\"name\":\"Yuvraj Jaiswal\",\"email\":\"kumaryuvraj118@gmail.com\",\"message\":\"TES%\"}","timestamp":"2016-08-02T22:42:53.562Z"}
{"level":"info","message":" Validating Request {\"name\":\"Yuvraj Jaiswal\",\"email\":\"kumaryuvraj118@gmail.com\",\"message\":\"TES%\"}","timestamp":"2016-08-02T22:44:53.568Z"}
{"level":"info","message":" Validation successful {\"name\":\"Yuvraj Jaiswal\",\"email\":\"kumaryuvraj118@gmail.com\",\"message\":\"TES%\"}","timestamp":"2016-08-02T22:44:53.568Z"}
{"level":"info","message":" Validating Request {\"name\":\"Yuvraj Jaiswal\",\"email\":\"kumaryuvraj118@gmail.com\",\"message\":\"TEST YUVRAJ\"}","timestamp":"2016-08-02T22:46:44.626Z"}
{"level":"info","message":" Validation successful {\"name\":\"Yuvraj Jaiswal\",\"email\":\"kumaryuvraj118@gmail.com\",\"message\":\"TEST YUVRAJ\"}","timestamp":"2016-08-02T22:46:44.637Z"}
{"level":"info","message":" Validating Request {\"name\":\"Yuvraj Jaiswal\",\"email\":\"kumaryuvraj118@gmail.com\",\"message\":\"TEST 4\"}","timestamp":"2016-08-03T05:13:11.440Z"}
{"level":"info","message":" Validation successful {\"name\":\"Yuvraj Jaiswal\",\"email\":\"kumaryuvraj118@gmail.com\",\"message\":\"TEST 4\"}","timestamp":"2016-08-03T05:13:11.452Z"}
{"level":"info","message":" Validating Request {\"name\":\"Yuvraj Jaiswal\",\"email\":\"kumaryuvraj118@gmail.com\",\"message\":\"jnssjnd\"}","timestamp":"2016-08-03T05:14:51.729Z"}
{"level":"info","message":" Validation successful {\"name\":\"Yuvraj Jaiswal\",\"email\":\"kumaryuvraj118@gmail.com\",\"message\":\"jnssjnd\"}","timestamp":"2016-08-03T05:14:51.740Z"}
{"level":"info","message":" Validating Request {\"name\":\"Yuvraj Jaiswal\",\"email\":\"kumaryuvraj118@gmail.com\",\"message\":\"xs\"}","timestamp":"2016-08-03T05:15:49.552Z"}
{"level":"info","message":" Validation successful {\"name\":\"Yuvraj Jaiswal\",\"email\":\"kumaryuvraj118@gmail.com\",\"message\":\"xs\"}","timestamp":"2016-08-03T05:15:49.563Z"}
{"level":"info","message":" Validating Request {\"name\":\"Yuvraj Jaiswal\",\"email\":\"kumaryuvraj118@gmail.com\",\"message\":\"TEST\"}","timestamp":"2016-08-03T05:27:26.705Z"}
{"level":"info","message":" Validation successful {\"name\":\"Yuvraj Jaiswal\",\"email\":\"kumaryuvraj118@gmail.com\",\"message\":\"TEST\"}","timestamp":"2016-08-03T05:27:26.718Z"}
{"level":"info","message":" Validating Request {\"name\":\"Yuvraj Jaiswal\",\"email\":\"kumaryuvraj118@gmail.com\",\"message\":\"TEST\"}","timestamp":"2016-08-03T05:29:58.553Z"}
{"level":"info","message":" Validation successful {\"name\":\"Yuvraj Jaiswal\",\"email\":\"kumaryuvraj118@gmail.com\",\"message\":\"TEST\"}","timestamp":"2016-08-03T05:29:58.569Z"}
{"level":"info","message":" Validating Request {\"name\":\"Yuvraj Jaiswal\",\"email\":\"kumaryuvraj118@gmail.com\",\"message\":\"TEST\",\"submit-button\":\"\"}","timestamp":"2016-08-03T05:32:17.240Z"}
{"level":"info","message":" Validation successful {\"name\":\"Yuvraj Jaiswal\",\"email\":\"kumaryuvraj118@gmail.com\",\"message\":\"TEST\",\"submit-button\":\"\"}","timestamp":"2016-08-03T05:32:17.248Z"}
{"level":"info","message":" Validating Request {\"name\":\"Yuvraj Jaiswal\",\"email\":\"kumaryuvraj118@gmail.com\",\"message\":\"TEST\",\"submit-button\":\"\"}","timestamp":"2016-08-03T05:32:31.043Z"}
{"level":"info","message":" Validation successful {\"name\":\"Yuvraj Jaiswal\",\"email\":\"kumaryuvraj118@gmail.com\",\"message\":\"TEST\",\"submit-button\":\"\"}","timestamp":"2016-08-03T05:32:31.044Z"}
{"level":"info","message":" Validating Request {\"name\":\"Yuvraj Jaiswal\",\"email\":\"kumaryuvraj118@gmail.com\",\"message\":\"TWAT\"}","timestamp":"2016-08-03T05:32:51.130Z"}
{"level":"info","message":" Validation successful {\"name\":\"Yuvraj Jaiswal\",\"email\":\"kumaryuvraj118@gmail.com\",\"message\":\"TWAT\"}","timestamp":"2016-08-03T05:32:51.145Z"}
{"level":"info","message":" Validating Request {\"name\":\"\",\"email\":\"kumaryuvraj118@gmail.com\",\"message\":\"TEST\",\"submit-button\":\"\"}","timestamp":"2016-08-03T05:35:49.133Z"}
{"level":"error","message":"Validation failed : undefined","timestamp":"2016-08-03T05:35:49.148Z"}
{"level":"info","message":" Validating Request {\"name\":\"\",\"email\":\"kumaryuvraj118@gmail.com\",\"message\":\"TEST\",\"submit-button\":\"\"}","timestamp":"2016-08-03T05:35:59.010Z"}
{"level":"error","message":"Validation failed : undefined","timestamp":"2016-08-03T05:35:59.012Z"}
{"level":"info","message":" Validating Request {\"name\":\"Yuvraj Jaiswal\",\"email\":\"kumaryuvraj118@gmail.com\",\"message\":\"REST\"}","timestamp":"2016-08-03T05:42:01.470Z"}
{"level":"info","message":" Validation successful {\"name\":\"Yuvraj Jaiswal\",\"email\":\"kumaryuvraj118@gmail.com\",\"message\":\"REST\"}","timestamp":"2016-08-03T05:42:01.483Z"}
{"level":"info","message":" Validating Request {\"name\":\"\",\"email\":\"kumaryuvraj118@gmail.com\",\"message\":\"TEST\",\"submit-button\":\"\"}","timestamp":"2016-08-03T05:42:59.763Z"}
{"level":"error","message":"Validation failed : undefined","timestamp":"2016-08-03T05:42:59.778Z"}
{"level":"info","message":" Validating Request {\"name\":\"\",\"email\":\"kumaryuvraj118@gmail.com\",\"message\":\"TEST\",\"submit-button\":\"\"}","timestamp":"2016-08-03T05:43:07.341Z"}
{"level":"error","message":"Validation failed : undefined","timestamp":"2016-08-03T05:43:07.342Z"}
{"level":"info","message":" Validating Request {\"name\":\"\",\"email\":\"kumaryuvraj118@gmail.com\",\"message\":\"TEST\",\"submit-button\":\"\"}","timestamp":"2016-08-03T05:43:13.926Z"}
{"level":"error","message":"Validation failed : undefined","timestamp":"2016-08-03T05:43:13.938Z"}
{"level":"info","message":" Validating Request {\"name\":\"\",\"email\":\"kumaryuvraj118@gmail.com\",\"message\":\"TEST\",\"submit-button\":\"\"}","timestamp":"2016-08-03T05:43:18.277Z"}
{"level":"error","message":"Validation failed : undefined","timestamp":"2016-08-03T05:43:18.278Z"}
{"level":"info","message":" Validating Request {\"name\":\"\",\"email\":\"kumaryuvraj118@gmail.com\",\"message\":\"TEST\",\"submit-button\":\"\"}","timestamp":"2016-08-03T05:44:00.807Z"}
{"level":"error","message":"Validation failed : undefined","timestamp":"2016-08-03T05:44:00.820Z"}
{"level":"info","message":" Validating Request {\"name\":\"Yuvraj Jaiswal\",\"email\":\"kumaryuvraj118@gmail.com\",\"message\":\"TEST\"}","timestamp":"2016-08-03T05:44:23.926Z"}
{"level":"info","message":" Validation successful {\"name\":\"Yuvraj Jaiswal\",\"email\":\"kumaryuvraj118@gmail.com\",\"message\":\"TEST\"}","timestamp":"2016-08-03T05:44:23.946Z"}
{"level":"info","message":" Validating Request {\"name\":\"Yuvraj Jaiswal\",\"email\":\"kumaryuvraj118@gmail.com\",\"message\":\"TEST 2\"}","timestamp":"2016-08-03T05:45:32.891Z"}
{"level":"info","message":" Validation successful {\"name\":\"Yuvraj Jaiswal\",\"email\":\"kumaryuvraj118@gmail.com\",\"message\":\"TEST 2\"}","timestamp":"2016-08-03T05:45:32.908Z"}
{"level":"info","message":" Validating Request {\"name\":\"Yuvraj Jaiswal\",\"email\":\"kumaryuvraj118@gmail.com\",\"message\":\"TEST 3\"}","timestamp":"2016-08-03T05:46:37.179Z"}
{"level":"info","message":" Validation successful {\"name\":\"Yuvraj Jaiswal\",\"email\":\"kumaryuvraj118@gmail.com\",\"message\":\"TEST 3\"}","timestamp":"2016-08-03T05:46:37.192Z"}
{"level":"info","message":" Validating Request {\"name\":\"Yuvraj Jaiswal\",\"email\":\"kumaryuvraj118@gmail.com\",\"message\":\"TEST 4\"}","timestamp":"2016-08-03T05:47:54.444Z"}
{"level":"info","message":" Validation successful {\"name\":\"Yuvraj Jaiswal\",\"email\":\"kumaryuvraj118@gmail.com\",\"message\":\"TEST 4\"}","timestamp":"2016-08-03T05:47:54.457Z"}
{"level":"info","message":" Validating Request {\"name\":\"Yuvraj Jaiswal\",\"email\":\"kumaryuvraj118@gmail.com\",\"message\":\"TEST 6\"}","timestamp":"2016-08-03T05:48:34.542Z"}
{"level":"info","message":" Validation successful {\"name\":\"Yuvraj Jaiswal\",\"email\":\"kumaryuvraj118@gmail.com\",\"message\":\"TEST 6\"}","timestamp":"2016-08-03T05:48:34.557Z"}
{"level":"info","message":" Validating Request {\"name\":\"Yuvraj Jaiswal\",\"email\":\"kumaryuvraj118@gmail.com\",\"message\":\"TETS 6\"}","timestamp":"2016-08-03T05:49:25.676Z"}
{"level":"info","message":" Validation successful {\"name\":\"Yuvraj Jaiswal\",\"email\":\"kumaryuvraj118@gmail.com\",\"message\":\"TETS 6\"}","timestamp":"2016-08-03T05:49:25.690Z"}
{"level":"info","message":" Validating Request {\"name\":\"Yuvraj Jaiswal\",\"email\":\"kumaryuvraj118@gmail.com\",\"message\":\"TEST\"}","timestamp":"2016-08-03T20:15:21.791Z"}
{"level":"info","message":" Validation successful {\"name\":\"Yuvraj Jaiswal\",\"email\":\"kumaryuvraj118@gmail.com\",\"message\":\"TEST\"}","timestamp":"2016-08-03T20:15:21.816Z"}
{"level":"info","message":" Validating Request {\"name\":\"Yuvraj Jaiswal\",\"email\":\"kumaryuvraj118@gmail.com\",\"message\":\"TEST\"}","timestamp":"2016-08-03T20:16:04.069Z"}
{"level":"info","message":" Validation successful {\"name\":\"Yuvraj Jaiswal\",\"email\":\"kumaryuvraj118@gmail.com\",\"message\":\"TEST\"}","timestamp":"2016-08-03T20:16:04.081Z"}
{"level":"info","message":" Validating Request {\"name\":\"Yuvraj Jaiswal\",\"email\":\"kumaryuvraj118@gmail.com\",\"message\":\"yuhuhjnk\"}","timestamp":"2016-08-03T20:17:42.947Z"}
{"level":"info","message":" Validation successful {\"name\":\"Yuvraj Jaiswal\",\"email\":\"kumaryuvraj118@gmail.com\",\"message\":\"yuhuhjnk\"}","timestamp":"2016-08-03T20:17:42.956Z"}
{"level":"info","message":" Validating Request {\"name\":\"Yuvraj Jaiswal\",\"email\":\"kumaryuvraj118@gmail.com\",\"message\":\"HVHBJ\"}","timestamp":"2016-08-03T20:18:03.413Z"}
{"level":"info","message":" Validation successful {\"name\":\"Yuvraj Jaiswal\",\"email\":\"kumaryuvraj118@gmail.com\",\"message\":\"HVHBJ\"}","timestamp":"2016-08-03T20:18:03.425Z"}
{"level":"info","message":" Validating Request {\"name\":\"Yuvraj Jaiswal\",\"email\":\"kumaryuvraj118@gmail.com\",\"message\":\"m m\"}","timestamp":"2016-08-03T20:19:24.473Z"}
{"level":"info","message":" Validation successful {\"name\":\"Yuvraj Jaiswal\",\"email\":\"kumaryuvraj118@gmail.com\",\"message\":\"m m\"}","timestamp":"2016-08-03T20:19:24.484Z"}
{"level":"info","message":" Validating Request {\"name\":\"Yuvraj Jaiswal\",\"email\":\"kumaryuvraj118@gmail.com\",\"message\":\"m ,\"}","timestamp":"2016-08-03T20:19:59.794Z"}
{"level":"info","message":" Validation successful {\"name\":\"Yuvraj Jaiswal\",\"email\":\"kumaryuvraj118@gmail.com\",\"message\":\"m ,\"}","timestamp":"2016-08-03T20:19:59.795Z"}
{"level":"info","message":" Validating Request {\"name\":\"Yuvraj Jaiswal\",\"email\":\"kumaryuvraj118@gmail.com\",\"message\":\"This is a test\"}","timestamp":"2019-02-09T16:56:57.514Z"}
{"level":"info","message":" Validation successful {\"name\":\"Yuvraj Jaiswal\",\"email\":\"kumaryuvraj118@gmail.com\",\"message\":\"This is a test\"}","timestamp":"2019-02-09T16:56:57.521Z"}
{"level":"info","message":" Validating Request {\"name\":\"Yuvraj Jaiswal\",\"email\":\"kumaryuvraj118@gmail.com\",\"message\":\"this is a test\"}","timestamp":"2019-02-09T16:58:29.465Z"}
{"level":"info","message":" Validation successful {\"name\":\"Yuvraj Jaiswal\",\"email\":\"kumaryuvraj118@gmail.com\",\"message\":\"this is a test\"}","timestamp":"2019-02-09T16:58:29.465Z"}
{"level":"info","message":" Validating Request {\"name\":\"Yuvraj Jaiswal\",\"email\":\"kumaryuvraj118@gmail.com\",\"message\":\"test\"}","timestamp":"2019-02-09T16:59:46.062Z"}
{"level":"info","message":" Validation successful {\"name\":\"Yuvraj Jaiswal\",\"email\":\"kumaryuvraj118@gmail.com\",\"message\":\"test\"}","timestamp":"2019-02-09T16:59:46.062Z"}
{"level":"info","message":" Validating Request {\"name\":\"Yuvraj\",\"email\":\"kumaryuvraj118@gmail.com\",\"message\":\"This is a test\"}","timestamp":"2019-02-09T17:03:41.383Z"}
{"level":"info","message":" Validation successful {\"name\":\"Yuvraj\",\"email\":\"kumaryuvraj118@gmail.com\",\"message\":\"This is a test\"}","timestamp":"2019-02-09T17:03:41.383Z"}
{"level":"info","message":" Validating Request {\"name\":\"Yuvraj\",\"email\":\"kumaryuvraj118@gmail.com\",\"message\":\"This is a test\"}","timestamp":"2019-02-09T17:04:37.950Z"}
{"level":"info","message":" Validation successful {\"name\":\"Yuvraj\",\"email\":\"kumaryuvraj118@gmail.com\",\"message\":\"This is a test\"}","timestamp":"2019-02-09T17:04:37.951Z"}
{"level":"info","message":" Validating Request {\"name\":\"Yuvraj\",\"email\":\"kumaryuvraj118@gmail.com\",\"message\":\"This is a test\"}","timestamp":"2019-02-09T17:04:51.540Z"}
{"level":"info","message":" Validation successful {\"name\":\"Yuvraj\",\"email\":\"kumaryuvraj118@gmail.com\",\"message\":\"This is a test\"}","timestamp":"2019-02-09T17:04:51.549Z"}
{"level":"info","message":" Validating Request {\"name\":\"Yuvraj\",\"email\":\"kumaryuvraj118@gmail.com\",\"message\":\"This is a test\"}","timestamp":"2019-02-09T17:05:19.490Z"}
{"level":"info","message":" Validation successful {\"name\":\"Yuvraj\",\"email\":\"kumaryuvraj118@gmail.com\",\"message\":\"This is a test\"}","timestamp":"2019-02-09T17:05:19.496Z"}
{"level":"info","message":" Validating Request {\"name\":\"Yuvraj\",\"email\":\"kumaryuvraj118@gmail.com\",\"message\":\"This is a test\"}","timestamp":"2019-02-09T17:05:58.820Z"}
{"level":"info","message":" Validation successful {\"name\":\"Yuvraj\",\"email\":\"kumaryuvraj118@gmail.com\",\"message\":\"This is a test\"}","timestamp":"2019-02-09T17:05:58.826Z"}
